<?xml version="1.0" encoding="UTF-8"?>
<!-- Generated by org.testng.reporters.JUnitReportReporter -->
<testsuite hostname="AnushaChanna" failures="0" tests="2" name="facebook_testcase.Testcase2_Search" time="23.451" errors="0" timestamp="2024-09-02T00:45:07 IST" skipped="1">
  <testcase classname="facebook_testcase.Testcase2_Search" name="facebook" time="8.423">
    <skipped/>
  </testcase> <!-- facebook -->
  <system-out/>
  <testcase classname="facebook_testcase.Testcase2_Search" name="facebook" time="15.028"/>
  <system-out>
    <![CDATA[testcase is pass > report from Listeners_FB ]]>
  </system-out>
</testsuite> <!-- facebook_testcase.Testcase2_Search -->
