<?xml version="1.0" encoding="UTF-8"?>
<!-- Generated by org.testng.reporters.JUnitReportReporter -->
<testsuite hostname="AnushaChanna" failures="0" tests="1" name="amazon_testcase.Tc2_Search" time="14.161" errors="0" timestamp="2024-08-30T00:51:11 IST" skipped="0">
  <testcase classname="amazon_testcase.Tc2_Search" name="amazon_search" time="14.161"/>
</testsuite> <!-- amazon_testcase.Tc2_Search -->
