<?xml version="1.0" encoding="UTF-8"?>
<!-- Generated by org.testng.reporters.JUnitReportReporter -->
<testsuite hostname="AnushaChanna" failures="0" tests="1" name="Selenium.Maven_Assignments.google_launch" time="4.450" errors="0" timestamp="2024-08-23T19:56:15 IST" skipped="0">
  <testcase classname="Selenium.Maven_Assignments.google_launch" name="google" time="4.450"/>
</testsuite> <!-- Selenium.Maven_Assignments.google_launch -->
