<?xml version="1.0" encoding="UTF-8"?>
<!-- Generated by org.testng.reporters.JUnitReportReporter -->
<testsuite hostname="AnushaChanna" failures="0" tests="1" name="facebook_testcase.Testcase1_Login" time="8.246" errors="0" timestamp="2024-09-02T00:50:06 IST" skipped="0">
  <testcase classname="facebook_testcase.Testcase1_Login" name="facebook" time="8.246">
    <system-out>
      <![CDATA[testcase is pass > report from Listeners_FB ]]>
    </system-out>
  </testcase> <!-- facebook -->
  <system-out>
    <![CDATA[testcase is pass > report from Listeners_FB 
testcase is pass > report from Listeners_FB ]]>
  </system-out>
</testsuite> <!-- facebook_testcase.Testcase1_Login -->
