<?xml version="1.0" encoding="UTF-8"?>
<!-- Generated by org.testng.reporters.JUnitReportReporter -->
<testsuite hostname="AnushaChanna" failures="0" tests="2" name="facebook_testcase.Testcase2_Search" time="18.905" errors="0" timestamp="2024-09-02T00:50:06 IST" skipped="1">
  <testcase classname="facebook_testcase.Testcase2_Search" name="facebook" time="10.745">
    <system-out>
      <![CDATA[testcase is pass > report from Listeners_FB ]]>
    </system-out>
  </testcase> <!-- facebook -->
  <testcase classname="facebook_testcase.Testcase2_Search" name="facebook" time="8.160">
    <skipped/>
  </testcase> <!-- facebook -->
  <system-out>
    <![CDATA[testcase is pass > report from Listeners_FB 
testcase is pass > report from Listeners_FB ]]>
  </system-out>
</testsuite> <!-- facebook_testcase.Testcase2_Search -->
